#! /usr/bin/vvp
:ivl_version "10.3 (stable)";
:ivl_delay_selection "TYPICAL";
:vpi_time_precision + 0;
:vpi_module "system";
:vpi_module "vhdl_sys";
:vpi_module "v2005_math";
:vpi_module "va_math";
S_0x56380571a1f0 .scope module, "serialparalelotx" "serialparalelotx" 2 1;
 .timescale 0 0;
    .port_info 0 /INPUT 1 "IDLin"
    .port_info 1 /INPUT 1 "reset"
    .port_info 2 /INPUT 1 "clk_32f"
    .port_info 3 /INPUT 1 "clk_4f"
    .port_info 4 /OUTPUT 8 "data_serial_paraleloTX"
    .port_info 5 /OUTPUT 1 "active_serial_paraleloTX"
    .port_info 6 /OUTPUT 1 "IDLEOut"
v0x563805705120_0 .var "IDLEOut", 0 0;
o0x7ffbf89c0048 .functor BUFZ 1, C4<z>; HiZ drive
v0x563805750f50_0 .net "IDLin", 0 0, o0x7ffbf89c0048;  0 drivers
v0x563805751010_0 .var "active_serial_paraleloTX", 0 0;
v0x5638057510b0_0 .var "buffer", 7 0;
v0x563805751190_0 .var "buffer_pasado", 7 0;
o0x7ffbf89c0108 .functor BUFZ 1, C4<z>; HiZ drive
v0x5638057512c0_0 .net "clk_32f", 0 0, o0x7ffbf89c0108;  0 drivers
o0x7ffbf89c0138 .functor BUFZ 1, C4<z>; HiZ drive
v0x563805751380_0 .net "clk_4f", 0 0, o0x7ffbf89c0138;  0 drivers
v0x563805751440_0 .var/i "contador", 31 0;
v0x563805751520_0 .var/i "contador_BC", 31 0;
v0x563805751600_0 .var "data_serial_paraleloTX", 7 0;
o0x7ffbf89c01f8 .functor BUFZ 1, C4<z>; HiZ drive
v0x5638057516e0_0 .net "reset", 0 0, o0x7ffbf89c01f8;  0 drivers
E_0x56380573a910 .event posedge, v0x5638057512c0_0;
    .scope S_0x56380571a1f0;
T_0 ;
    %wait E_0x56380573a910;
    %load/vec4 v0x5638057516e0_0;
    %pad/u 32;
    %cmpi/e 0, 0, 32;
    %jmp/0xz  T_0.0, 4;
    %pushi/vec4 0, 0, 7;
    %ix/load 4, 0, 0;
    %ix/load 5, 0, 0;
    %flag_set/imm 4, 0;
    %assign/vec4/off/d v0x563805751600_0, 4, 5;
    %pushi/vec4 0, 0, 1;
    %assign/vec4 v0x563805751010_0, 0;
    %pushi/vec4 0, 0, 1;
    %assign/vec4 v0x563805705120_0, 0;
    %pushi/vec4 0, 0, 8;
    %assign/vec4 v0x5638057510b0_0, 0;
    %pushi/vec4 0, 0, 32;
    %assign/vec4 v0x563805751440_0, 0;
    %pushi/vec4 0, 0, 32;
    %assign/vec4 v0x563805751520_0, 0;
    %jmp T_0.1;
T_0.0 ;
    %load/vec4 v0x5638057510b0_0;
    %parti/s 7, 0, 2;
    %load/vec4 v0x563805750f50_0;
    %concat/vec4; draw_concat_vec4
    %assign/vec4 v0x5638057510b0_0, 0;
    %load/vec4 v0x563805751520_0;
    %pushi/vec4 4, 0, 32;
    %cmp/e;
    %flag_get/vec4 4;
    %load/vec4 v0x563805751440_0;
    %pushi/vec4 1, 0, 32;
    %cmp/e;
    %flag_get/vec4 4;
    %and;
    %flag_set/vec4 8;
    %jmp/0xz  T_0.2, 8;
    %pushi/vec4 1, 0, 1;
    %assign/vec4 v0x563805751010_0, 0;
    %load/vec4 v0x5638057510b0_0;
    %cmpi/ne 188, 0, 8;
    %jmp/0xz  T_0.4, 4;
    %pushi/vec4 1, 0, 1;
    %assign/vec4 v0x563805705120_0, 0;
    %load/vec4 v0x5638057510b0_0;
    %assign/vec4 v0x563805751600_0, 0;
    %jmp T_0.5;
T_0.4 ;
    %load/vec4 v0x563805751190_0;
    %pushi/vec4 188, 0, 8;
    %cmp/e;
    %flag_get/vec4 4;
    %inv;
    %load/vec4 v0x5638057510b0_0;
    %pushi/vec4 188, 0, 8;
    %cmp/e;
    %flag_get/vec4 4;
    %and;
    %flag_set/vec4 8;
    %jmp/0xz  T_0.6, 8;
    %pushi/vec4 0, 0, 1;
    %assign/vec4 v0x563805705120_0, 0;
    %pushi/vec4 0, 0, 32;
    %assign/vec4 v0x563805751520_0, 0;
T_0.6 ;
T_0.5 ;
T_0.2 ;
    %load/vec4 v0x563805751520_0;
    %cmpi/s 4, 0, 32;
    %flag_get/vec4 5;
    %load/vec4 v0x5638057510b0_0;
    %pushi/vec4 188, 0, 8;
    %cmp/e;
    %flag_get/vec4 4;
    %and;
    %flag_set/vec4 8;
    %jmp/0xz  T_0.8, 8;
    %pushi/vec4 0, 0, 1;
    %assign/vec4 v0x563805705120_0, 0;
    %pushi/vec4 0, 0, 8;
    %assign/vec4 v0x563805751600_0, 0;
    %load/vec4 v0x563805751520_0;
    %addi 1, 0, 32;
    %assign/vec4 v0x563805751520_0, 0;
T_0.8 ;
    %load/vec4 v0x563805751440_0;
    %cmpi/e 1, 0, 32;
    %jmp/0xz  T_0.10, 4;
    %load/vec4 v0x5638057510b0_0;
    %assign/vec4 v0x563805751190_0, 0;
T_0.10 ;
    %load/vec4 v0x563805751440_0;
    %cmpi/e 7, 0, 32;
    %jmp/0xz  T_0.12, 4;
    %pushi/vec4 0, 0, 32;
    %assign/vec4 v0x563805751440_0, 0;
    %jmp T_0.13;
T_0.12 ;
    %load/vec4 v0x563805751440_0;
    %cmpi/ne 7, 0, 32;
    %jmp/0xz  T_0.14, 4;
    %load/vec4 v0x563805751440_0;
    %addi 1, 0, 32;
    %assign/vec4 v0x563805751440_0, 0;
T_0.14 ;
T_0.13 ;
T_0.1 ;
    %jmp T_0;
    .thread T_0;
# The file index is used to find the file name in the following table.
:file_names 3;
    "N/A";
    "<interactive>";
    "serialparalelotx.v";
