#! /usr/bin/vvp
:ivl_version "10.3 (stable)";
:ivl_delay_selection "TYPICAL";
:vpi_time_precision + 0;
:vpi_module "system";
:vpi_module "vhdl_sys";
:vpi_module "v2005_math";
:vpi_module "va_math";
S_0x55e009fa60d0 .scope module, "paralelo_serial" "paralelo_serial" 2 1;
 .timescale 0 0;
    .port_info 0 /INPUT 1 "clk_4f"
    .port_info 1 /INPUT 1 "clk_32f"
    .port_info 2 /INPUT 8 "in_serial"
    .port_info 3 /INPUT 1 "valid_in"
    .port_info 4 /INPUT 1 "reset"
    .port_info 5 /OUTPUT 1 "out_serial"
o0x7f3ad514f018 .functor BUFZ 1, C4<z>; HiZ drive
v0x55e009fa6330_0 .net "clk_32f", 0 0, o0x7f3ad514f018;  0 drivers
o0x7f3ad514f048 .functor BUFZ 1, C4<z>; HiZ drive
v0x55e009ff20e0_0 .net "clk_4f", 0 0, o0x7f3ad514f048;  0 drivers
o0x7f3ad514f078 .functor BUFZ 8, C4<zzzzzzzz>; HiZ drive
v0x55e009ff21a0_0 .net "in_serial", 7 0, o0x7f3ad514f078;  0 drivers
v0x55e009ff2260_0 .var "out_serial", 0 0;
o0x7f3ad514f0d8 .functor BUFZ 1, C4<z>; HiZ drive
v0x55e009ff2320_0 .net "reset", 0 0, o0x7f3ad514f0d8;  0 drivers
v0x55e009ff2430_0 .var "selector", 2 0;
v0x55e009ff2510_0 .var "selector_2", 2 0;
o0x7f3ad514f168 .functor BUFZ 1, C4<z>; HiZ drive
v0x55e009ff25f0_0 .net "valid_in", 0 0, o0x7f3ad514f168;  0 drivers
E_0x55e009fdc120 .event posedge, v0x55e009fa6330_0;
    .scope S_0x55e009fa60d0;
T_0 ;
    %wait E_0x55e009fdc120;
    %load/vec4 v0x55e009ff2320_0;
    %pad/u 32;
    %cmpi/e 1, 0, 32;
    %jmp/0xz  T_0.0, 4;
    %load/vec4 v0x55e009ff25f0_0;
    %pad/u 32;
    %cmpi/e 1, 0, 32;
    %jmp/0xz  T_0.2, 4;
    %pushi/vec4 0, 0, 3;
    %assign/vec4 v0x55e009ff2430_0, 0;
    %load/vec4 v0x55e009ff2510_0;
    %dup/vec4;
    %pushi/vec4 0, 0, 3;
    %cmp/u;
    %jmp/1 T_0.4, 6;
    %dup/vec4;
    %pushi/vec4 1, 0, 3;
    %cmp/u;
    %jmp/1 T_0.5, 6;
    %dup/vec4;
    %pushi/vec4 2, 0, 3;
    %cmp/u;
    %jmp/1 T_0.6, 6;
    %dup/vec4;
    %pushi/vec4 3, 0, 3;
    %cmp/u;
    %jmp/1 T_0.7, 6;
    %dup/vec4;
    %pushi/vec4 4, 0, 3;
    %cmp/u;
    %jmp/1 T_0.8, 6;
    %dup/vec4;
    %pushi/vec4 5, 0, 3;
    %cmp/u;
    %jmp/1 T_0.9, 6;
    %dup/vec4;
    %pushi/vec4 6, 0, 3;
    %cmp/u;
    %jmp/1 T_0.10, 6;
    %dup/vec4;
    %pushi/vec4 7, 0, 3;
    %cmp/u;
    %jmp/1 T_0.11, 6;
    %jmp T_0.12;
T_0.4 ;
    %load/vec4 v0x55e009ff21a0_0;
    %parti/s 1, 7, 4;
    %assign/vec4 v0x55e009ff2260_0, 0;
    %jmp T_0.12;
T_0.5 ;
    %load/vec4 v0x55e009ff21a0_0;
    %parti/s 1, 6, 4;
    %assign/vec4 v0x55e009ff2260_0, 0;
    %jmp T_0.12;
T_0.6 ;
    %load/vec4 v0x55e009ff21a0_0;
    %parti/s 1, 5, 4;
    %assign/vec4 v0x55e009ff2260_0, 0;
    %jmp T_0.12;
T_0.7 ;
    %load/vec4 v0x55e009ff21a0_0;
    %parti/s 1, 4, 4;
    %assign/vec4 v0x55e009ff2260_0, 0;
    %jmp T_0.12;
T_0.8 ;
    %load/vec4 v0x55e009ff21a0_0;
    %parti/s 1, 3, 3;
    %assign/vec4 v0x55e009ff2260_0, 0;
    %jmp T_0.12;
T_0.9 ;
    %load/vec4 v0x55e009ff21a0_0;
    %parti/s 1, 2, 3;
    %assign/vec4 v0x55e009ff2260_0, 0;
    %jmp T_0.12;
T_0.10 ;
    %load/vec4 v0x55e009ff21a0_0;
    %parti/s 1, 1, 2;
    %assign/vec4 v0x55e009ff2260_0, 0;
    %jmp T_0.12;
T_0.11 ;
    %load/vec4 v0x55e009ff21a0_0;
    %parti/s 1, 0, 2;
    %assign/vec4 v0x55e009ff2260_0, 0;
    %pushi/vec4 0, 0, 3;
    %assign/vec4 v0x55e009ff2510_0, 0;
    %jmp T_0.12;
T_0.12 ;
    %pop/vec4 1;
    %load/vec4 v0x55e009ff2510_0;
    %addi 1, 0, 3;
    %assign/vec4 v0x55e009ff2510_0, 0;
    %jmp T_0.3;
T_0.2 ;
    %pushi/vec4 0, 0, 3;
    %assign/vec4 v0x55e009ff2510_0, 0;
    %load/vec4 v0x55e009ff2430_0;
    %dup/vec4;
    %pushi/vec4 0, 0, 3;
    %cmp/u;
    %jmp/1 T_0.13, 6;
    %dup/vec4;
    %pushi/vec4 1, 0, 3;
    %cmp/u;
    %jmp/1 T_0.14, 6;
    %dup/vec4;
    %pushi/vec4 2, 0, 3;
    %cmp/u;
    %jmp/1 T_0.15, 6;
    %dup/vec4;
    %pushi/vec4 3, 0, 3;
    %cmp/u;
    %jmp/1 T_0.16, 6;
    %dup/vec4;
    %pushi/vec4 4, 0, 3;
    %cmp/u;
    %jmp/1 T_0.17, 6;
    %dup/vec4;
    %pushi/vec4 5, 0, 3;
    %cmp/u;
    %jmp/1 T_0.18, 6;
    %dup/vec4;
    %pushi/vec4 6, 0, 3;
    %cmp/u;
    %jmp/1 T_0.19, 6;
    %dup/vec4;
    %pushi/vec4 7, 0, 3;
    %cmp/u;
    %jmp/1 T_0.20, 6;
    %jmp T_0.21;
T_0.13 ;
    %pushi/vec4 1, 0, 1;
    %assign/vec4 v0x55e009ff2260_0, 0;
    %jmp T_0.21;
T_0.14 ;
    %pushi/vec4 0, 0, 1;
    %assign/vec4 v0x55e009ff2260_0, 0;
    %jmp T_0.21;
T_0.15 ;
    %pushi/vec4 1, 0, 1;
    %assign/vec4 v0x55e009ff2260_0, 0;
    %jmp T_0.21;
T_0.16 ;
    %pushi/vec4 1, 0, 1;
    %assign/vec4 v0x55e009ff2260_0, 0;
    %jmp T_0.21;
T_0.17 ;
    %pushi/vec4 1, 0, 1;
    %assign/vec4 v0x55e009ff2260_0, 0;
    %jmp T_0.21;
T_0.18 ;
    %pushi/vec4 1, 0, 1;
    %assign/vec4 v0x55e009ff2260_0, 0;
    %jmp T_0.21;
T_0.19 ;
    %pushi/vec4 0, 0, 1;
    %assign/vec4 v0x55e009ff2260_0, 0;
    %jmp T_0.21;
T_0.20 ;
    %pushi/vec4 0, 0, 1;
    %assign/vec4 v0x55e009ff2260_0, 0;
    %pushi/vec4 0, 0, 3;
    %assign/vec4 v0x55e009ff2430_0, 0;
    %jmp T_0.21;
T_0.21 ;
    %pop/vec4 1;
    %load/vec4 v0x55e009ff2430_0;
    %addi 1, 0, 3;
    %assign/vec4 v0x55e009ff2430_0, 0;
T_0.3 ;
    %jmp T_0.1;
T_0.0 ;
    %pushi/vec4 0, 0, 1;
    %assign/vec4 v0x55e009ff2260_0, 0;
    %pushi/vec4 0, 0, 6;
    %split/vec4 3;
    %assign/vec4 v0x55e009ff2510_0, 0;
    %assign/vec4 v0x55e009ff2430_0, 0;
T_0.1 ;
    %jmp T_0;
    .thread T_0;
# The file index is used to find the file name in the following table.
:file_names 3;
    "N/A";
    "<interactive>";
    "paralelo_serial.v";
